<?xml version="1.0" encoding="UTF-8"?>
<!-- Generated by org.testng.reporters.JUnitXMLReporter -->
<testsuite ignored="2" hostname="DESKTOP-3C4SJB2" failures="0" tests="1" name="Default test" time="15.956" errors="0" timestamp="2024-10-02T18:05:30 IST">
  <testcase classname="com.sevenrmartsupermarket.tests.AdminUserTest" name="enterAdminUserInfo" time="4.985"/>
  <testcase classname="com.sevenrmartsupermarket.tests.AdminUserTest" name="verifyAdminUsersPageNavigation" time="0.0">
    <ignored/>
  </testcase> <!-- verifyAdminUsersPageNavigation -->
  <testcase classname="com.sevenrmartsupermarket.tests.AdminUserTest" name="verifyNewNavigation" time="0.0">
    <ignored/>
  </testcase> <!-- verifyNewNavigation -->
</testsuite> <!-- Default test -->
