<?xml version="1.0" encoding="UTF-8"?>
<!-- Generated by org.testng.reporters.JUnitXMLReporter -->
<testsuite ignored="0" hostname="DESKTOP-3C4SJB2" failures="0" tests="6" name="Execution in  firefox browser" time="18.264" errors="0" timestamp="2024-09-24T08:01:15 IST">
  <testcase classname="com.sevenrmartsupermarket.tests.LoginTest" name="verifyInvalidcredentials" time="0.0">
    <skipped/>
  </testcase> <!-- verifyInvalidcredentials -->
  <testcase classname="com.sevenrmartsupermarket.tests.LoginTest" name="verifyLogin" time="0.0">
    <skipped/>
  </testcase> <!-- verifyLogin -->
  <testcase classname="com.sevenrmartsupermarket.tests.LoginTest" name="verifyLoginDataprovider" time="0.0">
    <skipped/>
  </testcase> <!-- verifyLoginDataprovider -->
  <testcase classname="com.sevenrmartsupermarket.tests.LoginTest" name="verifyLoginDataprovider" time="0.0">
    <skipped/>
  </testcase> <!-- verifyLoginDataprovider -->
  <testcase classname="com.sevenrmartsupermarket.tests.LoginTest" name="verifyLoginDataprovider" time="0.0">
    <skipped/>
  </testcase> <!-- verifyLoginDataprovider -->
  <testcase classname="com.sevenrmartsupermarket.tests.LoginTest" name="verifyRememberme" time="0.001">
    <skipped/>
  </testcase> <!-- verifyRememberme -->
</testsuite> <!-- Execution in  firefox browser -->
