<?xml version="1.0" encoding="UTF-8"?>
<testng-results ignored="2" total="3" passed="1" failed="0" skipped="0">
  <reporter-output>
  </reporter-output>
  <suite started-at="2024-10-02T18:05:13 IST" name="Default suite" finished-at="2024-10-02T18:05:29 IST" duration-ms="15956">
    <groups>
    </groups>
    <test started-at="2024-10-02T18:05:13 IST" name="Default test" finished-at="2024-10-02T18:05:29 IST" duration-ms="15956">
      <class name="com.sevenrmartsupermarket.tests.AdminUserTest">
        <test-method is-config="true" signature="launchBrowser()[pri:0, instance:com.sevenrmartsupermarket.tests.AdminUserTest@30f842ca]" started-at="2024-10-02T18:05:14 IST" name="launchBrowser" finished-at="2024-10-02T18:05:24 IST" duration-ms="10860" status="PASS">
          <reporter-output>
          </reporter-output>
        </test-method> <!-- launchBrowser -->
        <test-method signature="enterAdminUserInfo()[pri:0, instance:com.sevenrmartsupermarket.tests.AdminUserTest@30f842ca]" started-at="2024-10-02T18:05:24 IST" name="enterAdminUserInfo" finished-at="2024-10-02T18:05:29 IST" duration-ms="4985" status="PASS">
          <reporter-output>
          </reporter-output>
        </test-method> <!-- enterAdminUserInfo -->
        <test-method is-config="true" signature="terminateBrowser(org.testng.ITestResult)[pri:0, instance:com.sevenrmartsupermarket.tests.AdminUserTest@30f842ca]" started-at="2024-10-02T18:05:29 IST" name="terminateBrowser" finished-at="2024-10-02T18:05:29 IST" duration-ms="5" status="PASS">
          <params>
            <param index="0">
              <value>
                <![CDATA[[TestResult name=enterAdminUserInfo status=SUCCESS method=AdminUserTest.enterAdminUserInfo()[pri:0, instance:com.sevenrmartsupermarket.tests.AdminUserTest@30f842ca] output={null}]]]>
              </value>
            </param>
          </params>
          <reporter-output>
          </reporter-output>
        </test-method> <!-- terminateBrowser -->
      </class> <!-- com.sevenrmartsupermarket.tests.AdminUserTest -->
    </test> <!-- Default test -->
  </suite> <!-- Default suite -->
</testng-results>
